<?xml version="1.0" encoding="UTF-8"?>
<robot generator="Robot 7.3.2 (Python 3.14.0 on win32)" generated="2025-11-24T16:07:48.661537" rpa="false" schemaversion="5">
<suite id="s1" name="Tests" source="C:\Users\Administrator\Downloads\Skola\OHTU\palautusrepositorio\viikko3\login\src\tests">
<suite id="s1-s1" name="Login" source="C:\Users\Administrator\Downloads\Skola\OHTU\palautusrepositorio\viikko3\login\src\tests\login.robot">
<kw name="Open And Configure Browser" owner="resource" type="SETUP">
<if>
<branch type="IF" condition="$BROWSER == 'chrome'">
<kw name="Evaluate" owner="BuiltIn">
<var>${options}</var>
<arg>sys.modules['selenium.webdriver'].ChromeOptions()</arg>
<arg>sys</arg>
<doc>Evaluates the given expression in Python and returns the result.</doc>
<status status="NOT RUN" start="2025-11-24T16:07:48.842935" elapsed="0.000026"/>
</kw>
<kw name="Call Method" owner="BuiltIn">
<arg>${options}</arg>
<arg>add_argument</arg>
<arg>--incognito</arg>
<doc>Calls the named method of the given object with the provided arguments.</doc>
<status status="NOT RUN" start="2025-11-24T16:07:48.843054" elapsed="0.000019"/>
</kw>
<status status="NOT RUN" start="2025-11-24T16:07:48.842513" elapsed="0.000594"/>
</branch>
<branch type="ELSE IF" condition="$BROWSER == 'firefox'">
<kw name="Evaluate" owner="BuiltIn">
<msg time="2025-11-24T16:07:48.843435" level="INFO">${options} = &lt;selenium.webdriver.firefox.options.Options object at 0x0000019F774E56A0&gt;</msg>
<var>${options}</var>
<arg>sys.modules['selenium.webdriver'].FirefoxOptions()</arg>
<arg>sys</arg>
<doc>Evaluates the given expression in Python and returns the result.</doc>
<status status="PASS" start="2025-11-24T16:07:48.843250" elapsed="0.000210"/>
</kw>
<kw name="Call Method" owner="BuiltIn">
<arg>${options}</arg>
<arg>add_argument</arg>
<arg>--private-window</arg>
<doc>Calls the named method of the given object with the provided arguments.</doc>
<status status="PASS" start="2025-11-24T16:07:48.843527" elapsed="0.000088"/>
</kw>
<status status="PASS" start="2025-11-24T16:07:48.843138" elapsed="0.000507"/>
</branch>
<status status="PASS" start="2025-11-24T16:07:48.842493" elapsed="0.001177"/>
</if>
<if>
<branch type="IF" condition="$HEADLESS == 'true'">
<kw name="Set Selenium Speed" owner="SeleniumLibrary">
<arg>0.05 seconds</arg>
<doc>Sets the delay that is waited after each Selenium command.</doc>
<status status="PASS" start="2025-11-24T16:07:48.843796" elapsed="0.000102"/>
</kw>
<kw name="Call Method" owner="BuiltIn">
<arg>${options}</arg>
<arg>add_argument</arg>
<arg>--headless</arg>
<doc>Calls the named method of the given object with the provided arguments.</doc>
<status status="PASS" start="2025-11-24T16:07:48.843947" elapsed="0.000060"/>
</kw>
<status status="PASS" start="2025-11-24T16:07:48.843710" elapsed="0.000320"/>
</branch>
<branch type="ELSE">
<kw name="Set Selenium Speed" owner="SeleniumLibrary">
<arg>${DELAY}</arg>
<doc>Sets the delay that is waited after each Selenium command.</doc>
<status status="NOT RUN" start="2025-11-24T16:07:48.844091" elapsed="0.000012"/>
</kw>
<status status="NOT RUN" start="2025-11-24T16:07:48.844048" elapsed="0.000073"/>
</branch>
<status status="PASS" start="2025-11-24T16:07:48.843699" elapsed="0.000437"/>
</if>
<kw name="Open Browser" owner="SeleniumLibrary">
<msg time="2025-11-24T16:07:48.844296" level="INFO">Opening browser 'firefox' to base url 'None'.</msg>
<arg>browser=${BROWSER}</arg>
<arg>options=${options}</arg>
<doc>Opens a new browser instance to the optional ``url``.</doc>
<status status="PASS" start="2025-11-24T16:07:48.844179" elapsed="4.175454"/>
</kw>
<status status="PASS" start="2025-11-24T16:07:48.842366" elapsed="4.177351"/>
</kw>
<test id="s1-s1-t1" name="Login With Correct Credentials" line="8">
<kw name="Reset Application Create User And Go To Login Page" type="SETUP">
<kw name="Reset Application" owner="AppLibrary">
<status status="PASS" start="2025-11-24T16:07:53.020334" elapsed="2.052473"/>
</kw>
<kw name="Create User" owner="AppLibrary">
<arg>kalle</arg>
<arg>kalle123</arg>
<status status="PASS" start="2025-11-24T16:07:55.072961" elapsed="4.080787"/>
</kw>
<kw name="Go To Login Page" owner="resource">
<kw name="Go To" owner="SeleniumLibrary">
<msg time="2025-11-24T16:07:59.154349" level="INFO">Opening url 'http://localhost:5001/login'</msg>
<arg>${LOGIN_URL}</arg>
<doc>Navigates the current browser window to the provided ``url``.</doc>
<status status="PASS" start="2025-11-24T16:07:59.154256" elapsed="0.096419"/>
</kw>
<status status="PASS" start="2025-11-24T16:07:59.153957" elapsed="0.096859"/>
</kw>
<status status="PASS" start="2025-11-24T16:07:53.020166" elapsed="6.230708"/>
</kw>
<kw name="Set Username">
<kw name="Input Text" owner="SeleniumLibrary">
<msg time="2025-11-24T16:07:59.251892" level="INFO">Typing text 'kalle' into text field 'username'.</msg>
<arg>username</arg>
<arg>${username}</arg>
<doc>Types the given ``text`` into the text field identified by ``locator``.</doc>
<status status="PASS" start="2025-11-24T16:07:59.251496" elapsed="0.176303"/>
</kw>
<arg>kalle</arg>
<status status="PASS" start="2025-11-24T16:07:59.251241" elapsed="0.176670"/>
</kw>
<kw name="Set Password">
<kw name="Input Password" owner="SeleniumLibrary">
<msg time="2025-11-24T16:07:59.428730" level="INFO">Typing password into text field 'password'.</msg>
<msg time="2025-11-24T16:07:59.538469" level="INFO">Temporally setting log level to: NONE</msg>
<arg>password</arg>
<arg>${password}</arg>
<doc>Types the given password into the text field identified by ``locator``.</doc>
<status status="PASS" start="2025-11-24T16:07:59.428496" elapsed="0.165472"/>
</kw>
<arg>kalle123</arg>
<status status="PASS" start="2025-11-24T16:07:59.428185" elapsed="0.165888"/>
</kw>
<kw name="Click Button" owner="SeleniumLibrary">
<msg time="2025-11-24T16:07:59.594372" level="INFO">Clicking button 'Login'.</msg>
<arg>Login</arg>
<doc>Clicks the button identified by ``locator``.</doc>
<status status="PASS" start="2025-11-24T16:07:59.594243" elapsed="0.226486"/>
</kw>
<kw name="Login Should Succeed">
<kw name="Main Page Should Be Open" owner="resource">
<kw name="Title Should Be" owner="SeleniumLibrary">
<msg time="2025-11-24T16:07:59.872872" level="INFO">Page title is 'Ohtu Application main page'.</msg>
<arg>Ohtu Application main page</arg>
<doc>Verifies that the current page title equals ``title``.</doc>
<status status="PASS" start="2025-11-24T16:07:59.821348" elapsed="0.051611"/>
</kw>
<status status="PASS" start="2025-11-24T16:07:59.821208" elapsed="0.051825"/>
</kw>
<status status="PASS" start="2025-11-24T16:07:59.820993" elapsed="0.052073"/>
</kw>
<status status="PASS" start="2025-11-24T16:07:53.019774" elapsed="6.853437"/>
</test>
<test id="s1-s1-t2" name="Login With Incorrect Password" line="14">
<kw name="Reset Application Create User And Go To Login Page" type="SETUP">
<kw name="Reset Application" owner="AppLibrary">
<status status="PASS" start="2025-11-24T16:07:59.873928" elapsed="2.044879"/>
</kw>
<kw name="Create User" owner="AppLibrary">
<arg>kalle</arg>
<arg>kalle123</arg>
<status status="PASS" start="2025-11-24T16:08:01.918970" elapsed="4.080200"/>
</kw>
<kw name="Go To Login Page" owner="resource">
<kw name="Go To" owner="SeleniumLibrary">
<msg time="2025-11-24T16:08:05.999712" level="INFO">Opening url 'http://localhost:5001/login'</msg>
<arg>${LOGIN_URL}</arg>
<doc>Navigates the current browser window to the provided ``url``.</doc>
<status status="PASS" start="2025-11-24T16:08:05.999618" elapsed="0.061003"/>
</kw>
<status status="PASS" start="2025-11-24T16:08:05.999365" elapsed="0.061366"/>
</kw>
<status status="PASS" start="2025-11-24T16:07:59.873793" elapsed="6.186982"/>
</kw>
<kw name="Set Username">
<kw name="Input Text" owner="SeleniumLibrary">
<msg time="2025-11-24T16:08:06.061345" level="INFO">Typing text 'kalle' into text field 'username'.</msg>
<arg>username</arg>
<arg>${username}</arg>
<doc>Types the given ``text`` into the text field identified by ``locator``.</doc>
<status status="PASS" start="2025-11-24T16:08:06.061193" elapsed="0.159957"/>
</kw>
<arg>kalle</arg>
<status status="PASS" start="2025-11-24T16:08:06.060982" elapsed="0.160311"/>
</kw>
<kw name="Set Password">
<kw name="Input Password" owner="SeleniumLibrary">
<msg time="2025-11-24T16:08:06.222005" level="INFO">Typing password into text field 'password'.</msg>
<msg time="2025-11-24T16:08:06.325036" level="INFO">Temporally setting log level to: NONE</msg>
<arg>password</arg>
<arg>${password}</arg>
<doc>Types the given password into the text field identified by ``locator``.</doc>
<status status="PASS" start="2025-11-24T16:08:06.221805" elapsed="0.156647"/>
</kw>
<arg>kalle456</arg>
<status status="PASS" start="2025-11-24T16:08:06.221560" elapsed="0.156976"/>
</kw>
<kw name="Click Button" owner="SeleniumLibrary">
<msg time="2025-11-24T16:08:06.378899" level="INFO">Clicking button 'Login'.</msg>
<arg>Login</arg>
<doc>Clicks the button identified by ``locator``.</doc>
<status status="PASS" start="2025-11-24T16:08:06.378737" elapsed="0.219966"/>
</kw>
<kw name="Login Should Fail With Message">
<kw name="Login Page Should Be Open" owner="resource">
<kw name="Title Should Be" owner="SeleniumLibrary">
<msg time="2025-11-24T16:08:06.650613" level="INFO">Page title is 'Login'.</msg>
<arg>Login</arg>
<doc>Verifies that the current page title equals ``title``.</doc>
<status status="PASS" start="2025-11-24T16:08:06.599381" elapsed="0.051380"/>
</kw>
<status status="PASS" start="2025-11-24T16:08:06.599231" elapsed="0.051632"/>
</kw>
<kw name="Page Should Contain" owner="SeleniumLibrary">
<msg time="2025-11-24T16:08:06.754834" level="INFO">Current page contains text 'Invalid username or password'.</msg>
<arg>${message}</arg>
<doc>Verifies that current page contains ``text``.</doc>
<status status="PASS" start="2025-11-24T16:08:06.650993" elapsed="0.103931"/>
</kw>
<arg>Invalid username or password</arg>
<status status="PASS" start="2025-11-24T16:08:06.598992" elapsed="0.156006"/>
</kw>
<status status="PASS" start="2025-11-24T16:07:59.873529" elapsed="6.881672"/>
</test>
<kw name="Close Browser" owner="SeleniumLibrary" type="TEARDOWN">
<doc>Closes the current browser.</doc>
<status status="PASS" start="2025-11-24T16:08:06.755778" elapsed="2.625370"/>
</kw>
<status status="PASS" start="2025-11-24T16:07:48.677813" elapsed="20.703396"/>
</suite>
<status status="PASS" start="2025-11-24T16:07:48.662404" elapsed="20.719361"/>
</suite>
<statistics>
<total>
<stat pass="2" fail="0" skip="0">All Tests</stat>
</total>
<tag>
</tag>
<suite>
<stat name="Tests" id="s1" pass="2" fail="0" skip="0">Tests</stat>
<stat name="Login" id="s1-s1" pass="2" fail="0" skip="0">Tests.Login</stat>
</suite>
</statistics>
<errors>
</errors>
</robot>
