<?xml version="1.0" encoding="UTF-8"?>
<robot generator="Robot 7.3.2 (Python 3.14.0 on win32)" generated="2025-11-24T13:57:49.770798" rpa="false" schemaversion="5">
<suite id="s1" name="Tests" source="C:\Users\Administrator\Downloads\Skola\OHTU\palautusrepositorio\viikko3\hello-robot\src\tests">
<suite id="s1-s1" name="Increase Counter" source="C:\Users\Administrator\Downloads\Skola\OHTU\palautusrepositorio\viikko3\hello-robot\src\tests\increase_counter.robot">
<test id="s1-s1-t1" name="Increase Counter Once" line="5">
<kw name="Counter Value Should Be" owner="CounterLibrary">
<arg>0</arg>
<status status="PASS" start="2025-11-24T13:57:49.797916" elapsed="0.000117"/>
</kw>
<kw name="Increase Counter" owner="CounterLibrary">
<status status="PASS" start="2025-11-24T13:57:49.798148" elapsed="0.000052"/>
</kw>
<kw name="Counter Value Should Be" owner="CounterLibrary">
<arg>1</arg>
<status status="PASS" start="2025-11-24T13:57:49.798275" elapsed="0.000045"/>
</kw>
<status status="PASS" start="2025-11-24T13:57:49.797442" elapsed="0.000965"/>
</test>
<test id="s1-s1-t2" name="Increase Counter Many Times" line="10">
<kw name="Counter Value Should Be" owner="CounterLibrary">
<arg>0</arg>
<status status="PASS" start="2025-11-24T13:57:49.798894" elapsed="0.000058"/>
</kw>
<kw name="Increase Counter" owner="CounterLibrary">
<status status="PASS" start="2025-11-24T13:57:49.799026" elapsed="0.000038"/>
</kw>
<kw name="Increase Counter" owner="CounterLibrary">
<status status="PASS" start="2025-11-24T13:57:49.799152" elapsed="0.000048"/>
</kw>
<kw name="Increase Counter" owner="CounterLibrary">
<status status="PASS" start="2025-11-24T13:57:49.799263" elapsed="0.000036"/>
</kw>
<kw name="Counter Value Should Be" owner="CounterLibrary">
<arg>3</arg>
<status status="PASS" start="2025-11-24T13:57:49.799352" elapsed="0.000038"/>
</kw>
<status status="PASS" start="2025-11-24T13:57:49.798670" elapsed="0.000789"/>
</test>
<test id="s1-s1-t3" name="Increment Counter By Amount" line="17">
<kw name="Counter Value Should Be" owner="CounterLibrary">
<arg>0</arg>
<status status="PASS" start="2025-11-24T13:57:49.799754" elapsed="0.000046"/>
</kw>
<kw name="Increment Counter By" owner="CounterLibrary">
<arg>5</arg>
<status status="PASS" start="2025-11-24T13:57:49.799861" elapsed="0.000036"/>
</kw>
<kw name="Counter Value Should Be" owner="CounterLibrary">
<arg>5</arg>
<status status="PASS" start="2025-11-24T13:57:49.799949" elapsed="0.000033"/>
</kw>
<status status="PASS" start="2025-11-24T13:57:49.799622" elapsed="0.000419"/>
</test>
<status status="PASS" start="2025-11-24T13:57:49.788392" elapsed="0.011906"/>
</suite>
<suite id="s1-s2" name="Reset Counter" source="C:\Users\Administrator\Downloads\Skola\OHTU\palautusrepositorio\viikko3\hello-robot\src\tests\reset_counter.robot">
<test id="s1-s2-t1" name="Reset Counter After One Increment" line="5">
<kw name="Counter Value Should Be" owner="CounterLibrary">
<arg>0</arg>
<status status="PASS" start="2025-11-24T13:57:49.801903" elapsed="0.000062"/>
</kw>
<kw name="Increase Counter" owner="CounterLibrary">
<status status="PASS" start="2025-11-24T13:57:49.802039" elapsed="0.000039"/>
</kw>
<kw name="Counter Value Should Be" owner="CounterLibrary">
<arg>1</arg>
<status status="PASS" start="2025-11-24T13:57:49.802200" elapsed="0.000061"/>
</kw>
<kw name="Reset Counter" owner="CounterLibrary">
<status status="PASS" start="2025-11-24T13:57:49.802343" elapsed="0.000049"/>
</kw>
<kw name="Counter Value Should Be" owner="CounterLibrary">
<arg>0</arg>
<status status="PASS" start="2025-11-24T13:57:49.802453" elapsed="0.000040"/>
</kw>
<status status="PASS" start="2025-11-24T13:57:49.801689" elapsed="0.000871"/>
</test>
<test id="s1-s2-t2" name="Reset Counter After Several Increments" line="12">
<kw name="Counter Value Should Be" owner="CounterLibrary">
<arg>0</arg>
<status status="PASS" start="2025-11-24T13:57:49.802987" elapsed="0.000061"/>
</kw>
<kw name="Increment Counter By" owner="CounterLibrary">
<arg>5</arg>
<status status="PASS" start="2025-11-24T13:57:49.803128" elapsed="0.000047"/>
</kw>
<kw name="Counter Value Should Be" owner="CounterLibrary">
<arg>5</arg>
<status status="PASS" start="2025-11-24T13:57:49.803241" elapsed="0.000046"/>
</kw>
<kw name="Reset Counter" owner="CounterLibrary">
<status status="PASS" start="2025-11-24T13:57:49.803353" elapsed="0.000041"/>
</kw>
<kw name="Counter Value Should Be" owner="CounterLibrary">
<arg>0</arg>
<status status="PASS" start="2025-11-24T13:57:49.803484" elapsed="0.000056"/>
</kw>
<status status="PASS" start="2025-11-24T13:57:49.802795" elapsed="0.000845"/>
</test>
<status status="PASS" start="2025-11-24T13:57:49.800601" elapsed="0.003315"/>
</suite>
<status status="PASS" start="2025-11-24T13:57:49.771594" elapsed="0.032704"/>
</suite>
<statistics>
<total>
<stat pass="5" fail="0" skip="0">All Tests</stat>
</total>
<tag>
</tag>
<suite>
<stat name="Tests" id="s1" pass="5" fail="0" skip="0">Tests</stat>
<stat name="Increase Counter" id="s1-s1" pass="3" fail="0" skip="0">Tests.Increase Counter</stat>
<stat name="Reset Counter" id="s1-s2" pass="2" fail="0" skip="0">Tests.Reset Counter</stat>
</suite>
</statistics>
<errors>
</errors>
</robot>
